03/10/2022 22:30 | Cyber Bar | 0h 0m 30s
03/10/2022 22:32 | Cyber Bar | 0h 0m 21s
03/10/2022 22:35 | Cyber Bar | 0h 0m 22s
03/10/2022 22:54 | Cyber Bar | 0h 0m 17s
03/10/2022 22:55 | Cyber Bar | 0h 0m 15s
03/10/2022 22:55 | Cyber Bar | 0h 0m 19s
03/10/2022 22:58 | Cyber Bar | 0h 0m 22s
03/10/2022 22:59 | Cyber Bar | 0h 0m 23s
03/10/2022 23:02 | Cyber Bar | 0h 0m 35s
03/10/2022 23:04 | Cyber Bar | 0h 1m 31s
03/10/2022 23:39 | Cyber Bar | 0h 1m 35s
03/10/2022 23:45 | Cyber Bar | 0h 1m 43s
03/10/2022 23:49 | Cyber Bar | 0h 1m 11s
03/10/2022 23:51 | Cyber Bar | 0h 1m 15s
03/10/2022 23:55 | Cyber Bar | 0h 1m 39s
03/11/2022 00:02 | Cyber Bar | 0h 6m 57s
03/11/2022 00:07 | Cyber Bar | 0h 2m 43s
03/11/2022 00:25 | Cyber Bar | 0h 3m 1s
03/11/2022 00:34 | Cyber Bar | 0h 0m 42s
03/11/2022 00:37 | Cyber Bar | 0h 1m 21s
03/11/2022 00:42 | Cyber Bar | 0h 1m 20s
03/11/2022 00:46 | Cyber Bar | 0h 1m 21s
03/11/2022 00:48 | Cyber Bar | 0h 1m 26s
03/11/2022 01:05 | Cyber Bar | 0h 1m 23s
03/11/2022 01:09 | Cyber Bar | 0h 1m 21s
03/11/2022 01:38 | Cyber Bar | 0h 1m 24s
03/11/2022 01:47 | Cyber Bar | 0h 0m 32s
03/11/2022 01:50 | Cyber Bar | 0h 0m 51s
03/11/2022 01:55 | Cyber Bar | 0h 3m 25s
03/11/2022 02:41 | Cyber Bar | 0h 3m 51s
03/11/2022 02:59 | Cyber Bar | 0h 5m 25s
03/11/2022 03:07 | Cyber Bar | 0h 5m 43s
03/11/2022 03:30 | Cyber Bar | 0h 5m 49s
03/12/2022 20:45 | Cyber Bar | 0h 1m 12s
03/12/2022 20:59 | Cyber Bar | 0h 5m 44s
03/13/2022 04:45 | Cyber Bar | 0h 5m 50s
03/13/2022 05:22 | Cyber Bar | 0h 5m 46s
03/13/2022 05:31 | Cyber Bar | 0h 1m 15s
03/13/2022 05:33 | Cyber Bar | 0h 1m 39s
03/13/2022 05:40 | Cyber Bar | 0h 5m 29s
03/13/2022 06:01 | Cyber Bar | 0h 5m 40s
03/13/2022 06:07 | Cyber Bar | 0h 4m 35s
03/16/2022 01:37 | Cyber Bar | 0h 1m 12s
03/16/2022 01:39 | Cyber Bar | 0h 1m 4s
03/16/2022 01:42 | Cyber Bar | 0h 1m 28s
03/16/2022 01:48 | Cyber Bar | 0h 1m 18s
03/16/2022 01:54 | Cyber Bar | 0h 1m 25s
03/16/2022 01:57 | Cyber Bar | 0h 0m 57s
03/16/2022 02:01 | Test | 0h 0m 18s
03/16/2022 02:03 | Test | 0h 1m 49s
03/16/2022 02:12 | Test | 0h 3m 31s
03/16/2022 02:18 | Test | 0h 3m 17s
03/16/2022 02:36 | Test | 0h 13m 18s
03/16/2022 02:48 | Test | 0h 3m 25s
03/16/2022 03:02 | Test | 0h 2m 15s
03/16/2022 03:09 | Test | 0h 2m 7s
03/16/2022 15:54 | Cyber Bar | 0h 1m 6s
03/16/2022 15:58 | Cyber Bar | 0h 1m 11s
03/16/2022 16:00 | Cyber Bar | 0h 0m 59s
03/16/2022 16:11 | SampleScene | 0h 3m 17s
03/16/2022 16:16 | SampleScene | 0h 3m 15s
03/16/2022 16:18 | SampleScene | 0h 1m 9s
03/16/2022 16:20 | SampleScene | 0h 1m 17s
03/16/2022 16:34 | New Scene | 0h 0m 31s
03/16/2022 16:43 | New Scene | 0h 0m 36s
03/16/2022 16:44 | New Scene | 0h 0m 35s
03/16/2022 16:46 | New Scene | 0h 0m 39s
03/16/2022 16:48 | New Scene | 0h 0m 37s
03/16/2022 16:49 | New Scene | 0h 0m 35s
03/16/2022 16:51 | New Scene | 0h 0m 37s
03/16/2022 17:08 | New Scene | 0h 6m 40s
03/16/2022 17:18 | New Scene | 0h 6m 34s
03/16/2022 17:31 | New Scene | 0h 7m 45s
03/16/2022 17:48 | New Scene | 0h 6m 51s
03/16/2022 18:31 | New Scene | 0h 6m 50s
03/16/2022 18:58 | New Scene | 0h 17m 45s
03/16/2022 20:06 | New Scene | 0h 7m 40s
03/16/2022 20:50 | Cyber Bar | 0h 10m 58s
03/16/2022 21:47 | Cyber Bar | 0h 41m 39s
03/16/2022 22:23 | Cyber Bar | 0h 17m 33s
03/16/2022 22:42 | Cyber Bar | 0h 13m 58s
03/16/2022 23:27 | Cyber Bar | 0h 31m 13s
03/17/2022 14:57 | Cyber Bar | 0h 18m 44s
03/17/2022 15:08 | Baked Test | 0h 0m 13s
03/17/2022 15:09 | Baked Test | 0h 0m 12s
03/17/2022 15:11 | Baked Test | 0h 0m 12s
03/17/2022 15:13 | Baked Test | 0h 0m 12s
03/17/2022 15:14 | Baked Test | 0h 0m 13s
03/17/2022 15:15 | Baked Test | 0h 1m 1s
03/17/2022 15:19 | Baked Test | 0h 1m 1s
03/17/2022 15:21 | Baked Test | 0h 1m 0s
03/17/2022 15:23 | Baked Test | 0h 0m 52s
03/17/2022 15:30 | Baked Test | 0h 1m 9s
03/17/2022 15:32 | Baked Test | 0h 1m 52s
03/17/2022 15:36 | Baked Test | 0h 1m 53s
03/17/2022 15:40 | Baked Test | 0h 1m 53s
03/17/2022 15:43 | Baked Test | 0h 1m 52s
03/17/2022 20:15 | Baked Test | 0h 2m 7s
03/17/2022 20:23 | Baked Test | 0h 1m 54s
03/17/2022 20:34 | Baked Test | 0h 0m 25s
03/17/2022 20:37 | Baked Test | 0h 1m 39s
03/17/2022 20:44 | Baked Test | 0h 1m 13s
03/17/2022 20:46 | Baked Test | 0h 1m 12s
03/17/2022 20:51 | Baked Test | 0h 1m 13s
03/17/2022 20:55 | Baked Test | 0h 2m 55s
03/17/2022 21:00 | Baked Test | 0h 3m 34s
03/17/2022 21:03 | Baked Test | 0h 1m 19s
03/17/2022 21:06 | Baked Test | 0h 2m 33s
03/17/2022 21:20 | Baked Test | 0h 5m 35s
03/18/2022 04:41 | Cyber Bar | 2h 40m 38s
